android/V4.4.0_08.29/zhisland/build/outputs/logs/manifest-merger-devenv-debug-report.txt
-- Merging decision tree log ---
manifest
ADDED from src/main/AndroidManifest.xml:2:1-525:12
	package
		ADDED from src/main/AndroidManifest.xml:4:11-46
		INJECTED from src/main/AndroidManifest.xml
		INJECTED from src/main/AndroidManifest.xml
	android:versionName
		ADDED from src/main/AndroidManifest.xml:6:11-36
		INJECTED from src/main/AndroidManifest.xml
		INJECTED from src/main/AndroidManifest.xml
	xmlns:tools
		ADDED from src/main/AndroidManifest.xml:3:11-57
	android:versionCode
		ADDED from src/main/AndroidManifest.xml:5:11-35
		INJECTED from src/main/AndroidManifest.xml
		INJECTED from src/main/AndroidManifest.xml
	xmlns:android
		ADDED from src/main/AndroidManifest.xml:2:11-69
permission#com.zhisland.im.BEEM_SERVICE
ADDED from src/main/AndroidManifest.xml:9:5-14:46
	android:label
		ADDED from src/main/AndroidManifest.xml:12:9-36
	android:protectionLevel
		ADDED from src/main/AndroidManifest.xml:14:9-44
	android:permissionGroup
		ADDED from src/main/AndroidManifest.xml:13:9-67
	android:description
		ADDED from src/main/AndroidManifest.xml:11:9-61
	android:name
		ADDED from src/main/AndroidManifest.xml:10:9-52
uses-sdk
ADDED from src/main/AndroidManifest.xml:16:5-18:40
MERGED from [V4.4.0_08.29:zhim_lib:unspecified] AndroidManifest.xml:7:5-9:41
MERGED from [V4.4.0_08.29:zhlib:unspecified] AndroidManifest.xml:7:5-9:41
MERGED from [com.android.support:support-v4:23.3.0] AndroidManifest.xml:20:5-43
MERGED from [V4.4.0_08.29:pulllib:unspecified] AndroidManifest.xml:7:5-43
MERGED from [me.imid.swipebacklayout.lib:library:1.0.0] AndroidManifest.xml:7:5-9:41
MERGED from [com.trello:rxlifecycle:0.6.1] AndroidManifest.xml:17:5-44
MERGED from [com.jakewharton.rxbinding:rxbinding:0.4.0] AndroidManifest.xml:6:5-44
MERGED from [io.reactivex:rxandroid:1.1.0] AndroidManifest.xml:19:5-43
MERGED from [com.android.support:multidex:1.0.1] AndroidManifest.xml:18:5-42
MERGED from [com.android.support:recyclerview-v7:23.2.1] AndroidManifest.xml:20:5-43
MERGED from [:MagicWindowSDK:] AndroidManifest.xml:7:5-9:41
	android:targetSdkVersion
		ADDED from src/main/AndroidManifest.xml:18:9-38
		INJECTED from src/main/AndroidManifest.xml
		INJECTED from src/main/AndroidManifest.xml
	android:minSdkVersion
		ADDED from src/main/AndroidManifest.xml:17:9-35
		INJECTED from src/main/AndroidManifest.xml
		INJECTED from src/main/AndroidManifest.xml
uses-permission#android.permission.ACCESS_WIFI_STATE
ADDED from src/main/AndroidManifest.xml:20:5-22:34
MERGED from [:MagicWindowSDK:] AndroidManifest.xml:11:5-76
	android:required
		ADDED from src/main/AndroidManifest.xml:22:9-32
	android:name
		ADDED from src/main/AndroidManifest.xml:21:9-60
uses-permission#android.permission.CHANGE_WIFI_STATE
ADDED from src/main/AndroidManifest.xml:23:5-25:34
	android:required
		ADDED from src/main/AndroidManifest.xml:25:9-32
	android:name
		ADDED from src/main/AndroidManifest.xml:24:9-60
uses-permission#android.permission.INTERNET
ADDED from src/main/AndroidManifest.xml:26:5-28:34
	android:required
		ADDED from src/main/AndroidManifest.xml:28:9-32
	android:name
		ADDED from src/main/AndroidManifest.xml:27:9-51
uses-permission#android.permission.ACCESS_NETWORK_STATE
ADDED from src/main/AndroidManifest.xml:29:5-78
	android:name
		ADDED from src/main/AndroidManifest.xml:29:22-76
uses-permission#android.permission.CALL_PHONE
ADDED from src/main/AndroidManifest.xml:30:5-68
	android:name
		ADDED from src/main/AndroidManifest.xml:30:22-66
uses-permission#android.permission.MOUNT_UNMOUNT_FILESYSTEMS
ADDED from src/main/AndroidManifest.xml:31:5-83
	android:name
		ADDED from src/main/AndroidManifest.xml:31:22-81
uses-permission#android.permission.READ_EXTERNAL_STORAGE
ADDED from src/main/AndroidManifest.xml:32:5-79
	android:name
		ADDED from src/main/AndroidManifest.xml:32:22-77
uses-permission#android.permission.WRITE_EXTERNAL_STORAGE
ADDED from src/main/AndroidManifest.xml:33:5-80
	android:name
		ADDED from src/main/AndroidManifest.xml:33:22-78
uses-permission#android.permission.RECEIVE_BOOT_COMPLETED
ADDED from src/main/AndroidManifest.xml:34:5-80
	android:name
		ADDED from src/main/AndroidManifest.xml:34:22-78
uses-permission#android.permission.CHANGE_NETWORK_STATE
ADDED from src/main/AndroidManifest.xml:35:5-78
	android:name
		ADDED from src/main/AndroidManifest.xml:35:22-76
uses-permission#android.permission.READ_PHONE_STATE
ADDED from src/main/AndroidManifest.xml:36:5-74
	android:name
		ADDED from src/main/AndroidManifest.xml:36:22-72
uses-permission#android.permission.VIBRATE
ADDED from src/main/AndroidManifest.xml:37:5-65
	android:name
		ADDED from src/main/AndroidManifest.xml:37:22-63
uses-permission#android.permission.SEND_SMS
ADDED from src/main/AndroidManifest.xml:38:5-66
	android:name
		ADDED from src/main/AndroidManifest.xml:38:22-64
uses-permission#android.permission.MANAGE_ACCOUNTS
ADDED from src/main/AndroidManifest.xml:39:5-73
	android:name
		ADDED from src/main/AndroidManifest.xml:39:22-71
uses-permission#android.permission.GET_ACCOUNTS
ADDED from src/main/AndroidManifest.xml:40:5-70
	android:name
		ADDED from src/main/AndroidManifest.xml:40:22-68
uses-permission#android.permission.READ_LOGS
ADDED from src/main/AndroidManifest.xml:41:5-67
	android:name
		ADDED from src/main/AndroidManifest.xml:41:22-65
uses-permission#android.permission.READ_CONTACTS
ADDED from src/main/AndroidManifest.xml:42:5-71
	android:name
		ADDED from src/main/AndroidManifest.xml:42:22-69
uses-permission#android.permission.ACCESS_FINE_LOCATION
ADDED from src/main/AndroidManifest.xml:43:5-78
MERGED from [:MagicWindowSDK:] AndroidManifest.xml:14:5-79
	android:name
		ADDED from src/main/AndroidManifest.xml:43:22-76
uses-permission#android.permission.ACCESS_COARSE_LOCATION
ADDED from src/main/AndroidManifest.xml:44:5-80
MERGED from [:MagicWindowSDK:] AndroidManifest.xml:13:5-81
	android:name
		ADDED from src/main/AndroidManifest.xml:44:22-78
uses-permission#android.permission.RECORD_AUDIO
ADDED from src/main/AndroidManifest.xml:45:5-70
	android:name
		ADDED from src/main/AndroidManifest.xml:45:22-68
uses-permission#android.permission.RESTART_PACKAGES
ADDED from src/main/AndroidManifest.xml:46:5-74
	android:name
		ADDED from src/main/AndroidManifest.xml:46:22-72
uses-permission#android.permission.BROADCAST_STICKY
ADDED from src/main/AndroidManifest.xml:47:5-74
	android:name
		ADDED from src/main/AndroidManifest.xml:47:22-72
uses-permission#android.permission.WRITE_SETTINGS
ADDED from src/main/AndroidManifest.xml:48:5-72
	android:name
		ADDED from src/main/AndroidManifest.xml:48:22-70
uses-permission#android.permission.RECEIVE_USER_PRESENT
ADDED from src/main/AndroidManifest.xml:49:5-78
	android:name
		ADDED from src/main/AndroidManifest.xml:49:22-76
uses-permission#android.permission.WAKE_LOCK
ADDED from src/main/AndroidManifest.xml:50:5-67
	android:name
		ADDED from src/main/AndroidManifest.xml:50:22-65
uses-permission#android.permission.KILL_BACKGROUND_PROCESSES
ADDED from src/main/AndroidManifest.xml:51:5-83
	android:name
		ADDED from src/main/AndroidManifest.xml:51:22-81
uses-permission#android.permission.GET_TASKS
ADDED from src/main/AndroidManifest.xml:52:5-67
	android:name
		ADDED from src/main/AndroidManifest.xml:52:22-65
uses-permission#android.permission.BLUETOOTH
ADDED from src/main/AndroidManifest.xml:53:5-67
	android:name
		ADDED from src/main/AndroidManifest.xml:53:22-65
uses-permission#android.permission.BATTERY_STATS
ADDED from src/main/AndroidManifest.xml:54:5-71
	android:name
		ADDED from src/main/AndroidManifest.xml:54:22-69
uses-permission#com.zhisland.im.BEEM_SERVICE
ADDED from src/main/AndroidManifest.xml:56:5-67
	android:name
		ADDED from src/main/AndroidManifest.xml:56:22-65
uses-permission#android.permission.BLUETOOTH_ADMIN
ADDED from src/main/AndroidManifest.xml:60:5-73
	android:name
		ADDED from src/main/AndroidManifest.xml:60:22-71
uses-permission#android.permission.SYSTEM_ALERT_WINDOW
ADDED from src/main/AndroidManifest.xml:62:5-77
	android:name
		ADDED from src/main/AndroidManifest.xml:62:22-75
uses-permission#getui.permission.GetuiService.com.zhisland.android.blog
ADDED from src/main/AndroidManifest.xml:64:5-94
	android:name
		ADDED from src/main/AndroidManifest.xml:64:22-92
permission#getui.permission.GetuiService.com.zhisland.android.blog
ADDED from src/main/AndroidManifest.xml:66:5-69:18
	android:protectionLevel
		ADDED from src/main/AndroidManifest.xml:68:9-41
	android:name
		ADDED from src/main/AndroidManifest.xml:67:9-79
application
ADDED from src/main/AndroidManifest.xml:72:5-523:19
MERGED from [V4.4.0_08.29:zhim_lib:unspecified] AndroidManifest.xml:11:5-12:19
MERGED from [V4.4.0_08.29:zhlib:unspecified] AndroidManifest.xml:11:5-14:19
MERGED from [com.android.support:support-v4:23.3.0] AndroidManifest.xml:22:5-20
MERGED from [V4.4.0_08.29:pulllib:unspecified] AndroidManifest.xml:9:5-20
MERGED from [me.imid.swipebacklayout.lib:library:1.0.0] AndroidManifest.xml:11:5-20
	android:label
		ADDED from src/main/AndroidManifest.xml:76:9-41
	android:allowBackup
		ADDED from src/main/AndroidManifest.xml:74:9-35
	android:icon
		ADDED from src/main/AndroidManifest.xml:75:9-38
	android:largeHeap
		ADDED from src/main/AndroidManifest.xml:77:9-33
	android:theme
		ADDED from src/main/AndroidManifest.xml:78:9-37
		REJECTED from [V4.4.0_08.29:zhlib:unspecified] AndroidManifest.xml:13:9-40
	tools:replace
		ADDED from src/main/AndroidManifest.xml:79:9-51
	android:name
		ADDED from src/main/AndroidManifest.xml:73:9-55
activity#com.zxinsight.common.base.MWActivity
ADDED from src/main/AndroidManifest.xml:82:9-85:39
	android:exported
		ADDED from src/main/AndroidManifest.xml:85:13-36
	android:configChanges
		ADDED from src/main/AndroidManifest.xml:84:13-85
	android:name
		ADDED from src/main/AndroidManifest.xml:83:13-64
meta-data#MW_APPID
ADDED from src/main/AndroidManifest.xml:87:9-89:60
	android:value
		ADDED from src/main/AndroidManifest.xml:89:13-57
	android:name
		ADDED from src/main/AndroidManifest.xml:88:13-36
meta-data#MW_CHANNEL
ADDED from src/main/AndroidManifest.xml:90:9-92:39
	android:value
		ADDED from src/main/AndroidManifest.xml:92:13-36
	android:name
		ADDED from src/main/AndroidManifest.xml:91:13-38
meta-data#com.amap.api.v2.apikey
ADDED from src/main/AndroidManifest.xml:96:9-98:50
	android:value
		ADDED from src/main/AndroidManifest.xml:98:13-48
	android:name
		ADDED from src/main/AndroidManifest.xml:97:13-50
meta-data#UMENG_APPKEY
ADDED from src/main/AndroidManifest.xml:103:9-106:21
	android:value
		ADDED from src/main/AndroidManifest.xml:105:13-46
	android:name
		ADDED from src/main/AndroidManifest.xml:104:13-40
meta-data#UMENG_CHANNEL
ADDED from src/main/AndroidManifest.xml:107:9-110:21
	android:value
		ADDED from src/main/AndroidManifest.xml:109:13-37
	android:name
		ADDED from src/main/AndroidManifest.xml:108:13-41
activity#com.umeng.update.UpdateDialogActivity
ADDED from src/main/AndroidManifest.xml:112:9-115:20
	android:theme
		ADDED from src/main/AndroidManifest.xml:114:13-72
	android:name
		ADDED from src/main/AndroidManifest.xml:113:13-65
activity#cn.sharesdk.framework.ShareSDKUIShell
ADDED from src/main/AndroidManifest.xml:120:9-134:20
	android:screenOrientation
		ADDED from src/main/AndroidManifest.xml:123:13-49
	android:windowSoftInputMode
		ADDED from src/main/AndroidManifest.xml:125:13-67
	android:configChanges
		ADDED from src/main/AndroidManifest.xml:122:13-74
	android:theme
		ADDED from src/main/AndroidManifest.xml:124:13-72
	android:name
		ADDED from src/main/AndroidManifest.xml:121:13-65
intent-filter#android.intent.action.VIEW+android.intent.category.BROWSABLE+android.intent.category.DEFAULT
ADDED from src/main/AndroidManifest.xml:126:13-133:29
data
ADDED from src/main/AndroidManifest.xml:127:17-58
	android:scheme
		ADDED from src/main/AndroidManifest.xml:127:23-56
action#android.intent.action.VIEW
ADDED from src/main/AndroidManifest.xml:129:17-68
	android:name
		ADDED from src/main/AndroidManifest.xml:129:25-66
category#android.intent.category.BROWSABLE
ADDED from src/main/AndroidManifest.xml:131:17-77
	android:name
		ADDED from src/main/AndroidManifest.xml:131:27-75
category#android.intent.category.DEFAULT
ADDED from src/main/AndroidManifest.xml:132:17-75
	android:name
		ADDED from src/main/AndroidManifest.xml:132:27-73
activity#com.zhisland.android.blog.wxapi.WXEntryActivity
ADDED from src/main/AndroidManifest.xml:136:9-147:20
	android:screenOrientation
		ADDED from src/main/AndroidManifest.xml:140:13-49
	android:exported
		ADDED from src/main/AndroidManifest.xml:139:13-36
	android:configChanges
		ADDED from src/main/AndroidManifest.xml:138:13-74
	android:theme
		ADDED from src/main/AndroidManifest.xml:141:13-72
	android:name
		ADDED from src/main/AndroidManifest.xml:137:13-75
intent-filter#android.intent.action.VIEW+android.intent.category.DEFAULT
ADDED from src/main/AndroidManifest.xml:142:13-146:29
activity#com.zhisland.android.blog.wxapi.WXPayEntryActivity
ADDED from src/main/AndroidManifest.xml:149:9-160:20
	android:screenOrientation
		ADDED from src/main/AndroidManifest.xml:153:13-49
	android:exported
		ADDED from src/main/AndroidManifest.xml:152:13-36
	android:configChanges
		ADDED from src/main/AndroidManifest.xml:151:13-74
	android:theme
		ADDED from src/main/AndroidManifest.xml:154:13-72
	android:name
		ADDED from src/main/AndroidManifest.xml:150:13-78
receiver#com.zhisland.android.blog.wxapi.AppRegister
ADDED from src/main/AndroidManifest.xml:162:9-166:20
	android:name
		ADDED from src/main/AndroidManifest.xml:162:19-77
intent-filter#com.tencent.mm.plugin.openapi.Intent.ACTION_REFRESH_WXAPP
ADDED from src/main/AndroidManifest.xml:163:13-165:29
action#com.tencent.mm.plugin.openapi.Intent.ACTION_REFRESH_WXAPP
ADDED from src/main/AndroidManifest.xml:164:17-99
	android:name
		ADDED from src/main/AndroidManifest.xml:164:25-97
service#com.beem.project.beem.BeemService
ADDED from src/main/AndroidManifest.xml:173:9-182:19
	android:enabled
		ADDED from src/main/AndroidManifest.xml:175:13-35
	android:label
		ADDED from src/main/AndroidManifest.xml:176:13-41
	android:permission
		ADDED from src/main/AndroidManifest.xml:177:13-66
	android:name
		ADDED from src/main/AndroidManifest.xml:174:13-61
intent-filter#com.zhisland.people.BeemService
ADDED from src/main/AndroidManifest.xml:178:13-181:29
action#com.zhisland.people.BeemService
ADDED from src/main/AndroidManifest.xml:179:17-180:26
	android:name
		ADDED from src/main/AndroidManifest.xml:179:25-71
activity#com.zhisland.android.blog.im.controller.ActChat
ADDED from src/main/AndroidManifest.xml:184:9-187:62
	android:screenOrientation
		ADDED from src/main/AndroidManifest.xml:186:13-49
	android:windowSoftInputMode
		ADDED from src/main/AndroidManifest.xml:187:13-60
	android:name
		ADDED from src/main/AndroidManifest.xml:185:13-50
activity#com.zhisland.android.blog.common.base.CommonFragActivity
ADDED from src/main/AndroidManifest.xml:188:9-193:20
	android:screenOrientation
		ADDED from src/main/AndroidManifest.xml:191:13-49
	android:windowSoftInputMode
		ADDED from src/main/AndroidManifest.xml:192:13-67
	android:configChanges
		ADDED from src/main/AndroidManifest.xml:190:13-48
	android:name
		ADDED from src/main/AndroidManifest.xml:189:13-59
activity#com.zhisland.android.blog.profile.controller.detail.ActProfileDetail
ADDED from src/main/AndroidManifest.xml:194:9-198:20
	android:screenOrientation
		ADDED from src/main/AndroidManifest.xml:197:13-49
	android:configChanges
		ADDED from src/main/AndroidManifest.xml:196:13-48
	android:name
		ADDED from src/main/AndroidManifest.xml:195:13-71
activity#com.zhisland.android.blog.profilemvp.view.impl.ActAddPhoto
ADDED from src/main/AndroidManifest.xml:199:9-204:68
	android:screenOrientation
		ADDED from src/main/AndroidManifest.xml:203:13-49
	android:launchMode
		ADDED from src/main/AndroidManifest.xml:201:13-43
	android:windowSoftInputMode
		ADDED from src/main/AndroidManifest.xml:204:13-65
	android:configChanges
		ADDED from src/main/AndroidManifest.xml:202:13-48
	android:name
		ADDED from src/main/AndroidManifest.xml:200:13-61
activity#com.zhisland.android.blog.aa.controller.SplashActivity
ADDED from src/main/AndroidManifest.xml:205:9-217:20
	android:screenOrientation
		ADDED from src/main/AndroidManifest.xml:210:13-49
	android:label
		ADDED from src/main/AndroidManifest.xml:208:13-45
	android:launchMode
		ADDED from src/main/AndroidManifest.xml:209:13-43
	android:configChanges
		ADDED from src/main/AndroidManifest.xml:207:13-74
	android:theme
		ADDED from src/main/AndroidManifest.xml:211:13-72
	android:name
		ADDED from src/main/AndroidManifest.xml:206:13-57
intent-filter#android.intent.action.MAIN+android.intent.category.LAUNCHER
ADDED from src/main/AndroidManifest.xml:212:13-216:29
action#android.intent.action.MAIN
ADDED from src/main/AndroidManifest.xml:213:17-68
	android:name
		ADDED from src/main/AndroidManifest.xml:213:25-66
category#android.intent.category.LAUNCHER
ADDED from src/main/AndroidManifest.xml:215:17-76
	android:name
		ADDED from src/main/AndroidManifest.xml:215:27-74
activity#com.zhisland.android.blog.common.app.TabHome
ADDED from src/main/AndroidManifest.xml:218:9-224:20
	android:screenOrientation
		ADDED from src/main/AndroidManifest.xml:222:13-49
	android:launchMode
		ADDED from src/main/AndroidManifest.xml:221:13-43
	android:windowSoftInputMode
		ADDED from src/main/AndroidManifest.xml:223:13-52
	android:configChanges
		ADDED from src/main/AndroidManifest.xml:220:13-74
	android:name
		ADDED from src/main/AndroidManifest.xml:219:13-47
activity#com.zhisland.lib.image.viewer.FreeImageViewer
ADDED from src/main/AndroidManifest.xml:225:9-230:20
	android:screenOrientation
		ADDED from src/main/AndroidManifest.xml:229:13-49
	android:label
		ADDED from src/main/AndroidManifest.xml:228:13-45
	android:configChanges
		ADDED from src/main/AndroidManifest.xml:227:13-48
	android:name
		ADDED from src/main/AndroidManifest.xml:226:13-73
activity#com.zhisland.lib.image.MultiImgPickerActivity
ADDED from src/main/AndroidManifest.xml:231:9-236:20
	android:screenOrientation
		ADDED from src/main/AndroidManifest.xml:235:13-49
	android:label
		ADDED from src/main/AndroidManifest.xml:234:13-45
	android:configChanges
		ADDED from src/main/AndroidManifest.xml:233:13-48
	android:name
		ADDED from src/main/AndroidManifest.xml:232:13-73
activity#com.zhisland.android.blog.common.upapp.ActUpdateDialog
ADDED from src/main/AndroidManifest.xml:239:9-245:20
	android:screenOrientation
		ADDED from src/main/AndroidManifest.xml:243:13-49
	android:excludeFromRecents
		ADDED from src/main/AndroidManifest.xml:242:13-46
	android:configChanges
		ADDED from src/main/AndroidManifest.xml:241:13-48
	android:theme
		ADDED from src/main/AndroidManifest.xml:244:13-72
	android:name
		ADDED from src/main/AndroidManifest.xml:240:13-57
activity#com.zhisland.android.blog.event.controller.ActEventDetail
ADDED from src/main/AndroidManifest.xml:247:9-252:20
	android:screenOrientation
		ADDED from src/main/AndroidManifest.xml:250:13-49
	android:configChanges
		ADDED from src/main/AndroidManifest.xml:249:13-48
	android:name
		ADDED from src/main/AndroidManifest.xml:248:13-60
activity#com.zhisland.android.blog.event.controller.ActSignUpEvents
ADDED from src/main/AndroidManifest.xml:253:9-258:20
	android:screenOrientation
		ADDED from src/main/AndroidManifest.xml:256:13-49
	android:windowSoftInputMode
		ADDED from src/main/AndroidManifest.xml:257:13-67
	android:configChanges
		ADDED from src/main/AndroidManifest.xml:255:13-48
	android:name
		ADDED from src/main/AndroidManifest.xml:254:13-61
activity#com.zhisland.android.blog.event.controller.ActEventCreate
ADDED from src/main/AndroidManifest.xml:259:9-265:20
	android:screenOrientation
		ADDED from src/main/AndroidManifest.xml:262:13-49
	android:windowSoftInputMode
		ADDED from src/main/AndroidManifest.xml:264:13-55
	android:configChanges
		ADDED from src/main/AndroidManifest.xml:261:13-48
	android:theme
		ADDED from src/main/AndroidManifest.xml:263:13-53
	android:name
		ADDED from src/main/AndroidManifest.xml:260:13-60
activity#com.zhisland.android.blog.event.controller.ActEventCancelReasion
ADDED from src/main/AndroidManifest.xml:266:9-271:20
	android:screenOrientation
		ADDED from src/main/AndroidManifest.xml:269:13-49
	android:windowSoftInputMode
		ADDED from src/main/AndroidManifest.xml:270:13-67
	android:configChanges
		ADDED from src/main/AndroidManifest.xml:268:13-48
	android:name
		ADDED from src/main/AndroidManifest.xml:267:13-67
activity#com.zhisland.android.blog.profile.controller.ActProfileIntroduction
ADDED from src/main/AndroidManifest.xml:272:9-277:20
	android:screenOrientation
		ADDED from src/main/AndroidManifest.xml:275:13-49
	android:windowSoftInputMode
		ADDED from src/main/AndroidManifest.xml:276:13-64
	android:configChanges
		ADDED from src/main/AndroidManifest.xml:274:13-48
	android:name
		ADDED from src/main/AndroidManifest.xml:273:13-70
activity#com.zhisland.android.blog.profile.controller.ActSelTags
ADDED from src/main/AndroidManifest.xml:278:9-283:20
	android:screenOrientation
		ADDED from src/main/AndroidManifest.xml:281:13-49
	android:windowSoftInputMode
		ADDED from src/main/AndroidManifest.xml:282:13-64
	android:configChanges
		ADDED from src/main/AndroidManifest.xml:280:13-48
	android:name
		ADDED from src/main/AndroidManifest.xml:279:13-58
activity#com.zhisland.android.blog.setting.controller.ActModifyPwd
ADDED from src/main/AndroidManifest.xml:284:9-289:20
	android:screenOrientation
		ADDED from src/main/AndroidManifest.xml:287:13-49
	android:windowSoftInputMode
		ADDED from src/main/AndroidManifest.xml:288:13-65
	android:configChanges
		ADDED from src/main/AndroidManifest.xml:286:13-48
	android:name
		ADDED from src/main/AndroidManifest.xml:285:13-60
activity#com.zhisland.android.blog.info.view.impl.ActInfoDetail
ADDED from src/main/AndroidManifest.xml:290:9-294:20
	android:screenOrientation
		ADDED from src/main/AndroidManifest.xml:293:13-49
	android:configChanges
		ADDED from src/main/AndroidManifest.xml:292:13-48
	android:name
		ADDED from src/main/AndroidManifest.xml:291:13-57
activity#com.zhisland.android.blog.info.view.impl.ActReportType
ADDED from src/main/AndroidManifest.xml:295:9-299:20
	android:screenOrientation
		ADDED from src/main/AndroidManifest.xml:298:13-49
	android:configChanges
		ADDED from src/main/AndroidManifest.xml:297:13-48
	android:name
		ADDED from src/main/AndroidManifest.xml:296:13-57
activity#com.zhisland.android.blog.profile.controller.position.ActUserCompany
ADDED from src/main/AndroidManifest.xml:300:9-305:20
	android:screenOrientation
		ADDED from src/main/AndroidManifest.xml:303:13-49
	android:windowSoftInputMode
		ADDED from src/main/AndroidManifest.xml:304:13-64
	android:configChanges
		ADDED from src/main/AndroidManifest.xml:302:13-48
	android:name
		ADDED from src/main/AndroidManifest.xml:301:13-71
activity#com.zhisland.android.blog.profile.controller.comment.ActUserCommentList
ADDED from src/main/AndroidManifest.xml:306:9-310:20
	android:screenOrientation
		ADDED from src/main/AndroidManifest.xml:309:13-49
	android:configChanges
		ADDED from src/main/AndroidManifest.xml:308:13-48
	android:name
		ADDED from src/main/AndroidManifest.xml:307:13-74
activity#com.zhisland.android.blog.profile.controller.comment.ActWriteUserComment
ADDED from src/main/AndroidManifest.xml:311:9-316:20
	android:screenOrientation
		ADDED from src/main/AndroidManifest.xml:314:13-49
	android:windowSoftInputMode
		ADDED from src/main/AndroidManifest.xml:315:13-65
	android:configChanges
		ADDED from src/main/AndroidManifest.xml:313:13-48
	android:name
		ADDED from src/main/AndroidManifest.xml:312:13-75
activity#com.zhisland.android.blog.profile.controller.position.ActCompanyDetail
ADDED from src/main/AndroidManifest.xml:317:9-322:20
	android:screenOrientation
		ADDED from src/main/AndroidManifest.xml:320:13-49
	android:windowSoftInputMode
		ADDED from src/main/AndroidManifest.xml:321:13-64
	android:configChanges
		ADDED from src/main/AndroidManifest.xml:319:13-48
	android:name
		ADDED from src/main/AndroidManifest.xml:318:13-73
activity#com.zhisland.android.blog.profile.controller.drip.ActUserDripList
ADDED from src/main/AndroidManifest.xml:323:9-328:20
	android:screenOrientation
		ADDED from src/main/AndroidManifest.xml:326:13-49
	android:windowSoftInputMode
		ADDED from src/main/AndroidManifest.xml:327:13-67
	android:configChanges
		ADDED from src/main/AndroidManifest.xml:325:13-48
	android:name
		ADDED from src/main/AndroidManifest.xml:324:13-68
activity#com.zhisland.android.blog.aa.controller.ActRegisterAndLogin
ADDED from src/main/AndroidManifest.xml:329:9-335:20
	android:screenOrientation
		ADDED from src/main/AndroidManifest.xml:333:13-49
	android:launchMode
		ADDED from src/main/AndroidManifest.xml:331:13-43
	android:windowSoftInputMode
		ADDED from src/main/AndroidManifest.xml:334:13-68
	android:configChanges
		ADDED from src/main/AndroidManifest.xml:332:13-48
	android:name
		ADDED from src/main/AndroidManifest.xml:330:13-62
activity#com.zhisland.android.blog.aa.controller.ActGuide
ADDED from src/main/AndroidManifest.xml:336:9-340:20
	android:screenOrientation
		ADDED from src/main/AndroidManifest.xml:339:13-49
	android:configChanges
		ADDED from src/main/AndroidManifest.xml:338:13-48
	android:name
		ADDED from src/main/AndroidManifest.xml:337:13-51
activity#com.zhisland.android.blog.contacts.controller.ActInviteFriend
ADDED from src/main/AndroidManifest.xml:341:9-345:15
	android:screenOrientation
		ADDED from src/main/AndroidManifest.xml:344:13-49
	android:configChanges
		ADDED from src/main/AndroidManifest.xml:343:13-48
	android:name
		ADDED from src/main/AndroidManifest.xml:342:13-64
activity#com.zhisland.android.blog.contacts.controller.ActGotoInvite
ADDED from src/main/AndroidManifest.xml:347:9-351:15
	android:screenOrientation
		ADDED from src/main/AndroidManifest.xml:350:13-49
	android:configChanges
		ADDED from src/main/AndroidManifest.xml:349:13-48
	android:name
		ADDED from src/main/AndroidManifest.xml:348:13-62
activity#com.zhisland.android.blog.find.controller.ActSearch
ADDED from src/main/AndroidManifest.xml:355:9-360:20
	android:screenOrientation
		ADDED from src/main/AndroidManifest.xml:358:13-49
	android:windowSoftInputMode
		ADDED from src/main/AndroidManifest.xml:359:13-52
	android:configChanges
		ADDED from src/main/AndroidManifest.xml:357:13-48
	android:name
		ADDED from src/main/AndroidManifest.xml:356:13-54
activity#com.zhisland.android.blog.find.controller.ActContactFriend
ADDED from src/main/AndroidManifest.xml:361:9-366:20
	android:screenOrientation
		ADDED from src/main/AndroidManifest.xml:364:13-49
	android:windowSoftInputMode
		ADDED from src/main/AndroidManifest.xml:365:13-67
	android:configChanges
		ADDED from src/main/AndroidManifest.xml:363:13-48
	android:name
		ADDED from src/main/AndroidManifest.xml:362:13-61
activity#com.zhisland.android.blog.find.controller.ActAllBoss
ADDED from src/main/AndroidManifest.xml:367:9-372:20
	android:screenOrientation
		ADDED from src/main/AndroidManifest.xml:370:13-49
	android:windowSoftInputMode
		ADDED from src/main/AndroidManifest.xml:371:13-67
	android:configChanges
		ADDED from src/main/AndroidManifest.xml:369:13-48
	android:name
		ADDED from src/main/AndroidManifest.xml:368:13-55
activity#com.zhisland.android.blog.find.controller.ActAllRes
ADDED from src/main/AndroidManifest.xml:373:9-378:20
	android:screenOrientation
		ADDED from src/main/AndroidManifest.xml:376:13-49
	android:windowSoftInputMode
		ADDED from src/main/AndroidManifest.xml:377:13-67
	android:configChanges
		ADDED from src/main/AndroidManifest.xml:375:13-48
	android:name
		ADDED from src/main/AndroidManifest.xml:374:13-54
activity#com.zhisland.android.blog.common.push.PushDispatchActivity
ADDED from src/main/AndroidManifest.xml:379:9-383:15
	android:screenOrientation
		ADDED from src/main/AndroidManifest.xml:382:13-49
	android:configChanges
		ADDED from src/main/AndroidManifest.xml:381:13-48
	android:name
		ADDED from src/main/AndroidManifest.xml:380:13-61
activity#com.zhisland.android.blog.feed.view.impl.ActCreateFeed
ADDED from src/main/AndroidManifest.xml:386:9-391:68
	android:screenOrientation
		ADDED from src/main/AndroidManifest.xml:390:13-49
	android:launchMode
		ADDED from src/main/AndroidManifest.xml:388:13-43
	android:windowSoftInputMode
		ADDED from src/main/AndroidManifest.xml:391:13-65
	android:configChanges
		ADDED from src/main/AndroidManifest.xml:389:13-48
	android:name
		ADDED from src/main/AndroidManifest.xml:387:13-57
activity#com.zhisland.android.blog.feed.view.impl.ActFeedDetail
ADDED from src/main/AndroidManifest.xml:393:9-396:52
	android:screenOrientation
		ADDED from src/main/AndroidManifest.xml:396:13-49
	android:configChanges
		ADDED from src/main/AndroidManifest.xml:395:13-48
	android:name
		ADDED from src/main/AndroidManifest.xml:394:13-57
activity#com.zhisland.android.blog.common.uri.UriBrowseActivity
ADDED from src/main/AndroidManifest.xml:400:9-418:20
	android:excludeFromRecents
		ADDED from src/main/AndroidManifest.xml:402:13-46
	android:launchMode
		ADDED from src/main/AndroidManifest.xml:403:13-48
	android:noHistory
		ADDED from src/main/AndroidManifest.xml:404:13-37
	android:theme
		ADDED from src/main/AndroidManifest.xml:405:13-71
	android:name
		ADDED from src/main/AndroidManifest.xml:401:13-57
activity#com.zhisland.android.blog.common.webview.FragWebViewActivity
ADDED from src/main/AndroidManifest.xml:425:9-429:20
	android:screenOrientation
		ADDED from src/main/AndroidManifest.xml:428:13-49
	android:configChanges
		ADDED from src/main/AndroidManifest.xml:427:13-48
	android:name
		ADDED from src/main/AndroidManifest.xml:426:13-63
activity#com.zhisland.android.blog.common.view.select.FragSelectActivity
ADDED from src/main/AndroidManifest.xml:436:9-441:20
	android:screenOrientation
		ADDED from src/main/AndroidManifest.xml:439:13-49
	android:windowSoftInputMode
		ADDED from src/main/AndroidManifest.xml:440:13-60
	android:configChanges
		ADDED from src/main/AndroidManifest.xml:438:13-48
	android:name